Watching for file changes with StatReloader
System check identified some issues:

WARNINGS:
?: (urls.W005) URL namespace 'admin' isn't unique. You may not be able to reverse all URLs in this namespace

System check identified 1 issue (0 silenced).
[06/Mar/2026 05:36:32] "GET /admin/login/?next=/ HTTP/1.0" 200 4068
[06/Mar/2026 05:36:34] "GET /favicon.ico HTTP/1.0" 302 0
[06/Mar/2026 05:36:34] "GET /admin/login/?next=/favicon.ico HTTP/1.0" 200 4090
[06/Mar/2026 05:36:43] "POST /admin/login/?next=/ HTTP/1.0" 302 0
[06/Mar/2026 05:36:43] "GET / HTTP/1.0" 200 10136
Not Found: /favicon.ico
[06/Mar/2026 05:36:44] "GET /favicon.ico HTTP/1.0" 404 6853
Forbidden (CSRF cookie not set.): /schedule-task/
[06/Mar/2026 05:38:06] "POST /schedule-task/ HTTP/1.0" 403 2855
Forbidden (CSRF cookie not set.): /schedule-task/
[06/Mar/2026 05:39:14] "POST /schedule-task/ HTTP/1.0" 403 2855
[06/Mar/2026 05:39:32] "GET / HTTP/1.0" 200 10136
Forbidden (CSRF cookie not set.): /schedule-task/
[06/Mar/2026 05:39:43] "POST /schedule-task/ HTTP/1.0" 403 2855
/home/administrator/celery_server/celery_server/celery_server/settings.py changed, reloading.
Performing system checks...

March 06, 2026 - 05:33:18
Django version 6.0.3, using settings 'celery_server.settings'
Starting development server at http://0.0.0.0:1211/
Quit the server with CONTROL-C.

WARNING: This is a development server. Do not use it in a production setting. Use a production WSGI or ASGI server instead.
For more information on production servers see: https://docs.djangoproject.com/en/6.0/howto/deployment/
Watching for file changes with StatReloader
System check identified some issues:

WARNINGS:
?: (urls.W005) URL namespace 'admin' isn't unique. You may not be able to reverse all URLs in this namespace

System check identified 1 issue (0 silenced).
Forbidden (CSRF cookie not set.): /schedule-task/
[06/Mar/2026 05:42:10] "POST /schedule-task/ HTTP/1.0" 403 2855
Forbidden (CSRF cookie not set.): /schedule-task/
[06/Mar/2026 05:42:12] "POST /schedule-task/ HTTP/1.0" 403 2855
Forbidden (CSRF cookie not set.): /schedule-task/
[06/Mar/2026 05:42:39] "POST /schedule-task/ HTTP/1.0" 403 2855
Forbidden (CSRF cookie not set.): /schedule-task/
[06/Mar/2026 05:43:20] "POST /schedule-task/ HTTP/1.0" 403 2855
Forbidden (CSRF cookie not set.): /schedule-task/
[06/Mar/2026 05:43:40] "POST /schedule-task/ HTTP/1.0" 403 2855
Forbidden (CSRF cookie not set.): /schedule-task/
[06/Mar/2026 05:44:58] "POST /schedule-task/ HTTP/1.0" 403 2855
/home/administrator/celery_server/celery_server/celery_server/settings.py changed, reloading.
Performing system checks...

March 06, 2026 - 05:42:05
Django version 6.0.3, using settings 'celery_server.settings'
Starting development server at http://0.0.0.0:1211/
Quit the server with CONTROL-C.

WARNING: This is a development server. Do not use it in a production setting. Use a production WSGI or ASGI server instead.
For more information on production servers see: https://docs.djangoproject.com/en/6.0/howto/deployment/
Watching for file changes with StatReloader
System check identified some issues:

WARNINGS:
?: (urls.W005) URL namespace 'admin' isn't unique. You may not be able to reverse all URLs in this namespace

System check identified 1 issue (0 silenced).
[06/Mar/2026 05:47:07] "GET / HTTP/1.0" 200 10136
Forbidden (CSRF cookie not set.): /schedule-task/
[06/Mar/2026 05:47:11] "POST /schedule-task/ HTTP/1.0" 403 2855
[06/Mar/2026 05:48:04] "GET / HTTP/1.0" 302 0
[06/Mar/2026 05:48:04] "GET /admin/login/?next=/ HTTP/1.0" 200 4068
[06/Mar/2026 05:48:04] "POST /schedule-task/ HTTP/1.0" 302 0
[06/Mar/2026 05:48:05] "GET /admin/login/?next=/schedule-task/ HTTP/1.0" 200 4096
[06/Mar/2026 05:48:29] "GET / HTTP/1.0" 302 0
[06/Mar/2026 05:48:30] "GET /admin/login/?next=/ HTTP/1.0" 200 4068
[06/Mar/2026 05:48:30] "POST /tasks/schedule/ HTTP/1.0" 302 0
[06/Mar/2026 05:48:30] "GET /admin/login/?next=/tasks/schedule/ HTTP/1.0" 200 4098
[06/Mar/2026 05:48:47] "GET /admin/django_celery_beat/periodictask/ HTTP/1.0" 200 17212
[06/Mar/2026 05:48:48] "GET /admin/jsi18n/ HTTP/1.0" 200 3342
[06/Mar/2026 05:48:52] "GET /admin/django_celery_beat/crontabschedule/ HTTP/1.0" 200 12200
[06/Mar/2026 05:48:53] "GET /admin/jsi18n/ HTTP/1.0" 200 3342
[06/Mar/2026 05:48:54] "GET /admin/django_celery_beat/intervalschedule/ HTTP/1.0" 200 10691
[06/Mar/2026 05:48:55] "GET /admin/jsi18n/ HTTP/1.0" 200 3342
[06/Mar/2026 05:48:56] "GET /admin/django_celery_beat/periodictask/ HTTP/1.0" 200 17212
[06/Mar/2026 05:48:56] "GET /admin/jsi18n/ HTTP/1.0" 200 3342
Not Found: /tasks/schedule/
[06/Mar/2026 05:49:43] "GET /tasks/schedule/ HTTP/1.0" 404 6865
/home/administrator/celery_server/celery_server/celery_server/urls.py changed, reloading.
Performing system checks...

March 06, 2026 - 05:46:45
Django version 6.0.3, using settings 'celery_server.settings'
Starting development server at http://0.0.0.0:1211/
Quit the server with CONTROL-C.

WARNING: This is a development server. Do not use it in a production setting. Use a production WSGI or ASGI server instead.
For more information on production servers see: https://docs.djangoproject.com/en/6.0/howto/deployment/
Watching for file changes with StatReloader
Not Found: /
[06/Mar/2026 05:52:26] "GET / HTTP/1.0" 404 2317
[06/Mar/2026 05:52:26] "POST /tasks/schedule/ HTTP/1.0" 200 68
[06/Mar/2026 05:52:34] "GET /admin/django_celery_beat/periodictask/ HTTP/1.0" 200 17996
[06/Mar/2026 05:52:34] "GET /admin/jsi18n/ HTTP/1.0" 200 3342
[06/Mar/2026 05:52:43] "POST /admin/django_celery_beat/periodictask/ HTTP/1.0" 200 10597
[06/Mar/2026 05:52:45] "POST /admin/django_celery_beat/periodictask/ HTTP/1.0" 302 0
[06/Mar/2026 05:52:45] "GET /admin/django_celery_beat/periodictask/ HTTP/1.0" 200 17355
[06/Mar/2026 05:52:45] "GET /admin/jsi18n/ HTTP/1.0" 200 3342
Not Found: /
[06/Mar/2026 08:52:03] "GET / HTTP/1.0" 404 2317
Not Found: /
[07/Mar/2026 03:37:00] "GET / HTTP/1.0" 404 2317
[07/Mar/2026 04:49:28] "GET /admin/login/?next=/ HTTP/1.0" 200 4068
Not Found: /favicon.ico
[07/Mar/2026 04:49:29] "GET /favicon.ico HTTP/1.0" 404 2368
[07/Mar/2026 05:02:51] "GET /admin/login/?next=/ HTTP/1.0" 200 4068
Not Found: /favicon.ico
[07/Mar/2026 05:02:52] "GET /favicon.ico HTTP/1.0" 404 2368
[07/Mar/2026 05:02:56] "POST /admin/login/?next=/ HTTP/1.0" 302 0
Not Found: /
[07/Mar/2026 05:02:57] "GET / HTTP/1.0" 404 2317
[07/Mar/2026 05:03:03] "GET /admin/ HTTP/1.0" 200 10526
[07/Mar/2026 05:03:06] "GET /admin/django_celery_beat/periodictask/ HTTP/1.0" 200 17232
[07/Mar/2026 05:03:06] "GET /admin/jsi18n/ HTTP/1.0" 200 3342
Not Found: /
[07/Mar/2026 05:03:18] "GET / HTTP/1.0" 404 2317
[07/Mar/2026 05:03:20] "GET /admin/django_celery_beat/periodictask/ HTTP/1.0" 200 17232
[07/Mar/2026 05:03:21] "GET /admin/jsi18n/ HTTP/1.0" 200 3342
[07/Mar/2026 05:03:22] "GET /admin/django_celery_beat/periodictask/ HTTP/1.0" 200 17232
[07/Mar/2026 05:03:22] "GET /admin/jsi18n/ HTTP/1.0" 200 3342
Not Found: /
[07/Mar/2026 05:04:08] "GET / HTTP/1.0" 404 2317
Not Found: /
[07/Mar/2026 05:05:12] "GET / HTTP/1.0" 404 2317
Not Found: /
[07/Mar/2026 05:05:18] "GET / HTTP/1.0" 404 2317
Not Found: /
[07/Mar/2026 05:06:50] "GET / HTTP/1.0" 404 2317
[07/Mar/2026 05:06:51] "POST /tasks/schedule/ HTTP/1.0" 200 91
[07/Mar/2026 05:06:53] "GET /admin/django_celery_beat/periodictask/ HTTP/1.0" 200 18060
[07/Mar/2026 05:06:54] "GET /admin/jsi18n/ HTTP/1.0" 200 3342
Not Found: /favicon.ico
[07/Mar/2026 05:06:54] "GET /favicon.ico HTTP/1.0" 404 2368
[07/Mar/2026 05:07:09] "GET /admin/django_celery_beat/periodictask/3/change/ HTTP/1.0" 200 37518
[07/Mar/2026 05:07:09] "GET /admin/jsi18n/ HTTP/1.0" 200 3342
Not Found: /
[07/Mar/2026 05:07:28] "GET / HTTP/1.0" 404 2317
[07/Mar/2026 05:07:28] "POST /tasks/schedule/ HTTP/1.0" 200 91
[07/Mar/2026 05:07:29] "GET /admin/django_celery_beat/periodictask/ HTTP/1.0" 200 18060
[07/Mar/2026 05:07:31] "GET /admin/django_celery_beat/periodictask/ HTTP/1.0" 200 18060
[07/Mar/2026 05:07:31] "GET /admin/jsi18n/ HTTP/1.0" 200 3342
[07/Mar/2026 05:07:36] "POST /admin/django_celery_beat/periodictask/ HTTP/1.0" 200 10619
[07/Mar/2026 05:07:37] "POST /admin/django_celery_beat/periodictask/ HTTP/1.0" 302 0
[07/Mar/2026 05:07:38] "GET /admin/django_celery_beat/periodictask/ HTTP/1.0" 200 17375
[07/Mar/2026 05:07:38] "GET /admin/jsi18n/ HTTP/1.0" 200 3342
[07/Mar/2026 05:15:25] "GET /admin/django_celery_beat/periodictask/ HTTP/1.0" 200 17232
[07/Mar/2026 05:15:25] "GET /admin/jsi18n/ HTTP/1.0" 200 3342
Not Found: /
[07/Mar/2026 05:18:24] "GET / HTTP/1.0" 404 2317
[07/Mar/2026 05:18:24] "POST /tasks/schedule/ HTTP/1.0" 200 95
[07/Mar/2026 05:18:27] "GET /admin/django_celery_beat/periodictask/ HTTP/1.0" 302 0
[07/Mar/2026 05:18:27] "GET /admin/login/?next=/admin/django_celery_beat/periodictask/ HTTP/1.0" 200 4144
[07/Mar/2026 05:18:42] "POST /admin/login/?next=/admin/django_celery_beat/periodictask/ HTTP/1.0" 302 0
[07/Mar/2026 05:18:42] "GET /admin/django_celery_beat/periodictask/ HTTP/1.0" 200 18068
[07/Mar/2026 05:18:43] "GET /admin/jsi18n/ HTTP/1.0" 200 3342
Not Found: /
[07/Mar/2026 05:20:33] "GET / HTTP/1.0" 404 2317
[07/Mar/2026 05:20:33] "POST /tasks/schedule/ HTTP/1.0" 200 95
[07/Mar/2026 05:20:35] "GET /admin/django_celery_beat/periodictask/ HTTP/1.0" 302 0
[07/Mar/2026 05:20:36] "GET /admin/login/?next=/admin/django_celery_beat/periodictask/ HTTP/1.0" 200 4144
[07/Mar/2026 05:20:40] "POST /admin/login/?next=/admin/django_celery_beat/periodictask/ HTTP/1.0" 302 0
[07/Mar/2026 05:20:41] "GET /admin/django_celery_beat/periodictask/ HTTP/1.0" 200 18093
[07/Mar/2026 05:20:41] "GET /admin/jsi18n/ HTTP/1.0" 200 3342
[07/Mar/2026 05:21:43] "GET /admin/django_celery_beat/periodictask/ HTTP/1.0" 200 18093
[07/Mar/2026 05:21:44] "GET /admin/jsi18n/ HTTP/1.0" 200 3342
Not Found: /
[07/Mar/2026 05:23:35] "GET / HTTP/1.0" 404 2317
[07/Mar/2026 05:23:35] "POST /tasks/schedule/ HTTP/1.0" 200 95
[07/Mar/2026 05:23:55] "GET /admin/django_celery_beat/periodictask/ HTTP/1.0" 302 0
[07/Mar/2026 05:23:55] "GET /admin/login/?next=/admin/django_celery_beat/periodictask/ HTTP/1.0" 200 4144
[07/Mar/2026 05:24:21] "GET /admin/login/?next=/admin/django_celery_beat/periodictask/ HTTP/1.0" 200 4144
[07/Mar/2026 05:24:26] "GET /admin/login/?next=/admin/django_celery_beat/periodictask/ HTTP/1.0" 200 4144
Not Found: /favicon.ico
[07/Mar/2026 05:24:27] "GET /favicon.ico HTTP/1.0" 404 2368
[07/Mar/2026 05:24:38] "POST /admin/login/?next=/admin/django_celery_beat/periodictask/ HTTP/1.0" 302 0
[07/Mar/2026 05:24:38] "GET /admin/django_celery_beat/periodictask/ HTTP/1.0" 200 18091
[07/Mar/2026 05:24:39] "GET /admin/jsi18n/ HTTP/1.0" 200 3342
Not Found: /
[07/Mar/2026 05:31:40] "GET / HTTP/1.0" 404 2317
[07/Mar/2026 05:31:40] "POST /tasks/schedule/ HTTP/1.0" 200 95
Not Found: /
[07/Mar/2026 05:35:40] "GET / HTTP/1.0" 404 2317
[07/Mar/2026 05:35:40] "POST /tasks/schedule/ HTTP/1.0" 200 95
[07/Mar/2026 08:56:12] code 400, message Bad request version ('\xc0\\x14\xc0')
[07/Mar/2026 08:56:12] You're accessing the development server over HTTPS, but it only supports HTTP.
[07/Mar/2026 11:00:46] "GET /admin/django_celery_beat/periodictask/ HTTP/1.0" 200 18091
[07/Mar/2026 11:00:46] "GET /admin/jsi18n/ HTTP/1.0" 200 3342
Not Found: /
[07/Mar/2026 16:40:28] "GET / HTTP/1.0" 404 2317
Not Found: /
[07/Mar/2026 18:36:49] "'GET / HTTP/1.1" 404 2312
[07/Mar/2026 18:36:49] code 400, message Bad request syntax ("'")
[07/Mar/2026 18:36:49] "'" 400 -
Not Found: /
[07/Mar/2026 18:39:20] "GET / HTTP/1.0" 404 2317
Not Found: /
[07/Mar/2026 21:49:09] "GET / HTTP/1.1" 404 2317
Not Found: /
[08/Mar/2026 01:21:37] "GET / HTTP/1.0" 404 2317
Not Found: /
[08/Mar/2026 03:39:35] "GET / HTTP/1.0" 404 2317
Not Found: /
[08/Mar/2026 15:55:10] "GET / HTTP/1.0" 404 2317
Not Found: /
[09/Mar/2026 02:17:19] "GET / HTTP/1.0" 404 2317
Not Found: /
[09/Mar/2026 09:33:20] "GET / HTTP/1.0" 404 2317
[09/Mar/2026 09:33:21] "POST /tasks/schedule/ HTTP/1.0" 200 90
Not Found: /
[09/Mar/2026 14:17:55] "GET / HTTP/1.0" 404 2317
Not Found: /
[10/Mar/2026 00:58:49] "GET / HTTP/1.1" 404 2317
Not Found: /
[10/Mar/2026 01:00:44] "GET / HTTP/1.0" 404 2317
Not Found: /
[10/Mar/2026 05:03:12] "GET / HTTP/1.0" 404 2317
/usr/lib/python3.12/asyncio/base_futures.py changed, reloading.
Performing system checks...

System check identified no issues (0 silenced).
March 06, 2026 - 05:52:10
Django version 6.0.3, using settings 'celery_server.settings'
Starting development server at http://0.0.0.0:1211/
Quit the server with CONTROL-C.

WARNING: This is a development server. Do not use it in a production setting. Use a production WSGI or ASGI server instead.
For more information on production servers see: https://docs.djangoproject.com/en/6.0/howto/deployment/
Watching for file changes with StatReloader
Not Found: /
[10/Mar/2026 14:16:21] "GET / HTTP/1.0" 404 2317
Not Found: /
[10/Mar/2026 23:09:42] "GET / HTTP/1.0" 404 2317
Not Found: /favicon.ico
[10/Mar/2026 23:12:37] "GET /favicon.ico HTTP/1.0" 404 2368
Not Found: /
[11/Mar/2026 02:00:29] "GET / HTTP/1.0" 404 2317
Not Found: /
[11/Mar/2026 04:47:10] "GET / HTTP/1.0" 404 2317
Not Found: /
[11/Mar/2026 04:58:38] "GET / HTTP/1.0" 404 2317
[11/Mar/2026 04:58:38] "POST /tasks/schedule/ HTTP/1.0" 200 91
Not Found: /
[11/Mar/2026 05:01:44] "GET / HTTP/1.0" 404 2317
[11/Mar/2026 05:01:44] "POST /tasks/schedule/ HTTP/1.0" 200 91
Not Found: /
[11/Mar/2026 05:04:04] "GET / HTTP/1.0" 404 2317
[11/Mar/2026 05:04:04] "POST /tasks/schedule/ HTTP/1.0" 200 91
Not Found: /
[11/Mar/2026 16:46:40] "GET / HTTP/1.0" 404 2317
Not Found: /
[12/Mar/2026 05:05:10] "GET / HTTP/1.0" 404 2317
Not Found: /
[12/Mar/2026 05:05:13] "GET / HTTP/1.1" 404 2317
Not Found: /
[12/Mar/2026 05:05:19] "GET / HTTP/1.0" 404 2317
Not Found: /
[12/Mar/2026 06:59:39] "GET / HTTP/1.0" 404 2317
[12/Mar/2026 06:59:39] "POST /tasks/schedule/ HTTP/1.0" 200 95
Not Found: /
[12/Mar/2026 13:57:25] "GET / HTTP/1.1" 404 2317
Not Found: /
[12/Mar/2026 15:12:32] "GET / HTTP/1.0" 404 2317
/home/administrator/celery_server/celery_server/celery_server/urls.py changed, reloading.
Performing system checks...

System check identified no issues (0 silenced).
March 10, 2026 - 06:20:23
Django version 6.0.3, using settings 'celery_server.settings'
Starting development server at http://0.0.0.0:1211/
Quit the server with CONTROL-C.

WARNING: This is a development server. Do not use it in a production setting. Use a production WSGI or ASGI server instead.
For more information on production servers see: https://docs.djangoproject.com/en/6.0/howto/deployment/
Watching for file changes with StatReloader
/home/administrator/celery_server/celery_server/celery_server/settings.py changed, reloading.
Performing system checks...

System check identified no issues (0 silenced).
March 13, 2026 - 04:08:43
Django version 6.0.3, using settings 'celery_server.settings'
Starting development server at http://0.0.0.0:1211/
Quit the server with CONTROL-C.

WARNING: This is a development server. Do not use it in a production setting. Use a production WSGI or ASGI server instead.
For more information on production servers see: https://docs.djangoproject.com/en/6.0/howto/deployment/
Watching for file changes with StatReloader
Exception in thread django-main-thread:
Traceback (most recent call last):
  File "/usr/lib/python3.12/threading.py", line 1073, in _bootstrap_inner
    self.run()
  File "/usr/lib/python3.12/threading.py", line 1010, in run
    self._target(*self._args, **self._kwargs)
  File "/home/administrator/celery_server/venv/lib/python3.12/site-packages/django/utils/autoreload.py", line 64, in wrapper
    fn(*args, **kwargs)
  File "/home/administrator/celery_server/venv/lib/python3.12/site-packages/django/core/management/commands/runserver.py", line 134, in inner_run
    self.check(**check_kwargs)
  File "/home/administrator/celery_server/venv/lib/python3.12/site-packages/django/core/management/base.py", line 496, in check
    all_issues = checks.run_checks(
                 ^^^^^^^^^^^^^^^^^^
  File "/home/administrator/celery_server/venv/lib/python3.12/site-packages/django/core/checks/registry.py", line 89, in run_checks
    new_errors = check(app_configs=app_configs, databases=databases)
                 ^^^^^^^^^^^^^^^^^^^^^^^^^^^^^^^^^^^^^^^^^^^^^^^^^^^
  File "/home/administrator/celery_server/venv/lib/python3.12/site-packages/django/core/checks/urls.py", line 16, in check_url_config
    return check_resolver(resolver)
           ^^^^^^^^^^^^^^^^^^^^^^^^
  File "/home/administrator/celery_server/venv/lib/python3.12/site-packages/django/core/checks/urls.py", line 26, in check_resolver
    return check_method()
           ^^^^^^^^^^^^^^
  File "/home/administrator/celery_server/venv/lib/python3.12/site-packages/django/urls/resolvers.py", line 541, in check
    for pattern in self.url_patterns:
                   ^^^^^^^^^^^^^^^^^
  File "/home/administrator/celery_server/venv/lib/python3.12/site-packages/django/utils/functional.py", line 47, in __get__
    res = instance.__dict__[self.name] = self.func(instance)
                                         ^^^^^^^^^^^^^^^^^^^
  File "/home/administrator/celery_server/venv/lib/python3.12/site-packages/django/urls/resolvers.py", line 729, in url_patterns
    patterns = getattr(self.urlconf_module, "urlpatterns", self.urlconf_module)
                       ^^^^^^^^^^^^^^^^^^^
  File "/home/administrator/celery_server/venv/lib/python3.12/site-packages/django/utils/functional.py", line 47, in __get__
    res = instance.__dict__[self.name] = self.func(instance)
                                         ^^^^^^^^^^^^^^^^^^^
  File "/home/administrator/celery_server/venv/lib/python3.12/site-packages/django/urls/resolvers.py", line 722, in urlconf_module
    return import_module(self.urlconf_name)
           ^^^^^^^^^^^^^^^^^^^^^^^^^^^^^^^^
  File "/usr/lib/python3.12/importlib/__init__.py", line 90, in import_module
    return _bootstrap._gcd_import(name[level:], package, level)
           ^^^^^^^^^^^^^^^^^^^^^^^^^^^^^^^^^^^^^^^^^^^^^^^^^^^^
  File "<frozen importlib._bootstrap>", line 1387, in _gcd_import
  File "<frozen importlib._bootstrap>", line 1360, in _find_and_load
  File "<frozen importlib._bootstrap>", line 1331, in _find_and_load_unlocked
  File "<frozen importlib._bootstrap>", line 935, in _load_unlocked
  File "<frozen importlib._bootstrap_external>", line 991, in exec_module
  File "<frozen importlib._bootstrap_external>", line 1129, in get_code
  File "<frozen importlib._bootstrap_external>", line 1059, in source_to_code
  File "<frozen importlib._bootstrap>", line 488, in _call_with_frames_removed
  File "/home/administrator/celery_server/celery_server/celery_server/urls.py", line 22
    <<<<<<< Updated upstream
    ^^
SyntaxError: invalid syntax
/home/administrator/celery_server/celery_server/celery_server/urls.py changed, reloading.
Performing system checks...

Watching for file changes with StatReloader
System check identified some issues:

WARNINGS:
?: (urls.W005) URL namespace 'admin' isn't unique. You may not be able to reverse all URLs in this namespace

System check identified 1 issue (0 silenced).
/home/administrator/celery_server/celery_server/celery_server/urls.py changed, reloading.
Performing system checks...

March 13, 2026 - 04:10:32
Django version 6.0.3, using settings 'celery_server.settings'
Starting development server at http://0.0.0.0:1211/
Quit the server with CONTROL-C.

WARNING: This is a development server. Do not use it in a production setting. Use a production WSGI or ASGI server instead.
For more information on production servers see: https://docs.djangoproject.com/en/6.0/howto/deployment/
Watching for file changes with StatReloader
